0 info it worked if it ends with ok
1 verbose cli [ '/Users/sawada/.nodebrew/node/v6.11.0/bin/node',
1 verbose cli   '/Users/sawada/.nodebrew/current/bin/npm',
1 verbose cli   'run',
1 verbose cli   'release' ]
2 info using npm@3.10.10
3 info using node@v6.11.0
4 verbose run-script [ 'prerelease', 'release', 'postrelease' ]
5 info lifecycle Utsuroi@0.1.1~prerelease: Utsuroi@0.1.1
6 silly lifecycle Utsuroi@0.1.1~prerelease: no script for prerelease, continuing
7 info lifecycle Utsuroi@0.1.1~release: Utsuroi@0.1.1
8 verbose lifecycle Utsuroi@0.1.1~release: unsafe-perm in lifecycle true
9 verbose lifecycle Utsuroi@0.1.1~release: PATH: /Users/sawada/.nodebrew/node/v6.11.0/lib/node_modules/npm/bin/node-gyp-bin:/Volumes/drive/develop/utsuroi/node_modules/.bin:/Users/sawada/.nodebrew/node/v6.11.0/bin:/Users/sawada/.yarn/bin:/Users/sawada/.nodebrew/current/bin:/Users/sawada/.rbenv/shims:/Users/sawada/.rbenv/bin:/usr/local/sbin:/usr/local/bin:/usr/local/bin:/usr/bin:/bin:/usr/sbin:/sbin:/Users/sawada/.yarn/bin:/Users/sawada/.nodebrew/current/bin:/Users/sawada/.rbenv/shims:/Users/sawada/.rbenv/bin:/usr/local/sbin:/Users/sawada/develop/SDKs/flex_4/bin:/usr/local/share/android-sdk/tools:/usr/local/share/android-sdk/platform-tools:/Users/sawada/develop/SDKs/flex_4/bin:/usr/local/share/android-sdk/tools:/usr/local/share/android-sdk/platform-tools
10 verbose lifecycle Utsuroi@0.1.1~release: CWD: /Volumes/drive/develop/utsuroi
11 silly lifecycle Utsuroi@0.1.1~release: Args: [ '-c',
11 silly lifecycle   'npm run build:production && npm run minify && npm run versionup && npm publish' ]
12 silly lifecycle Utsuroi@0.1.1~release: Returned: code: 1  signal: null
13 info lifecycle Utsuroi@0.1.1~release: Failed to exec release script
14 verbose stack Error: Utsuroi@0.1.1 release: `npm run build:production && npm run minify && npm run versionup && npm publish`
14 verbose stack Exit status 1
14 verbose stack     at EventEmitter.<anonymous> (/Users/sawada/.nodebrew/node/v6.11.0/lib/node_modules/npm/lib/utils/lifecycle.js:255:16)
14 verbose stack     at emitTwo (events.js:106:13)
14 verbose stack     at EventEmitter.emit (events.js:191:7)
14 verbose stack     at ChildProcess.<anonymous> (/Users/sawada/.nodebrew/node/v6.11.0/lib/node_modules/npm/lib/utils/spawn.js:40:14)
14 verbose stack     at emitTwo (events.js:106:13)
14 verbose stack     at ChildProcess.emit (events.js:191:7)
14 verbose stack     at maybeClose (internal/child_process.js:891:16)
14 verbose stack     at Process.ChildProcess._handle.onexit (internal/child_process.js:226:5)
15 verbose pkgid Utsuroi@0.1.1
16 verbose cwd /Volumes/drive/develop/utsuroi
17 error Darwin 16.6.0
18 error argv "/Users/sawada/.nodebrew/node/v6.11.0/bin/node" "/Users/sawada/.nodebrew/current/bin/npm" "run" "release"
19 error node v6.11.0
20 error npm  v3.10.10
21 error code ELIFECYCLE
22 error Utsuroi@0.1.1 release: `npm run build:production && npm run minify && npm run versionup && npm publish`
22 error Exit status 1
23 error Failed at the Utsuroi@0.1.1 release script 'npm run build:production && npm run minify && npm run versionup && npm publish'.
23 error Make sure you have the latest version of node.js and npm installed.
23 error If you do, this is most likely a problem with the Utsuroi package,
23 error not with npm itself.
23 error Tell the author that this fails on your system:
23 error     npm run build:production && npm run minify && npm run versionup && npm publish
23 error You can get information on how to open an issue for this project with:
23 error     npm bugs Utsuroi
23 error Or if that isn't available, you can get their info via:
23 error     npm owner ls Utsuroi
23 error There is likely additional logging output above.
24 verbose exit [ 1, true ]
